<svrunit setupTime="30">

    <testsuites>

        <testsuite name="essentials:test-php8.1, PHP 8.1"
                   dockerImage="dockware/essentials:test-php8.1" dockerEnv="PHP_VERSION=8.1,XDEBUG_ENABLED=1">
            <directory>./../../tests/images/essentials</directory>
            <directory>./../../tests/shared/base</directory>
            <directory>./../../tests/shared/dev</directory>
            <directory>./../../tests/packages/php/php8.1</directory>
            <directory>./../../tests/packages/xdebug/xdebug3</directory>
            <directory>./../../tests/packages/sodium</directory>
            <directory>./../../tests/packages/composer/v2</directory>
        </testsuite>

    </testsuites>

</svrunit>